{
  "RSpec": {
    "coverage": {
      "/home/bensouc/code/bensouc/ensemble/config/environment.rb": {
        "lines": [
          null,
          1,
          null,
          null,
          1
        ]
      },
      "/home/bensouc/code/bensouc/ensemble/config/application.rb": {
        "lines": [
          1,
          null,
          1,
          null,
          null,
          null,
          1,
          null,
          1,
          1,
          1,
          1,
          1,
          1,
          null,
          null,
          null,
          1,
          1,
          null,
          null,
          null,
          null,
          null,
          null,
          null
        ]
      },
      "/home/bensouc/code/bensouc/ensemble/config/boot.rb": {
        "lines": [
          1,
          null,
          1,
          1
        ]
      },
      "/home/bensouc/code/bensouc/ensemble/config/spring.rb": {
        "lines": [
          1,
          null,
          null,
          null,
          null,
          null
        ]
      },
      "/home/bensouc/code/bensouc/ensemble/config/environments/test.rb": {
        "lines": [
          null,
          null,
          null,
          null,
          null,
          1,
          null,
          null,
          1,
          1,
          null,
          null,
          null,
          null,
          1,
          null,
          null,
          1,
          1,
          null,
          null,
          null,
          null,
          1,
          1,
          1,
          null,
          null,
          1,
          null,
          null,
          1,
          null,
          null,
          1,
          null,
          1,
          null,
          null,
          null,
          null,
          1,
          null,
          null,
          1,
          null,
          null,
          null,
          null
        ]
      },
      "/home/bensouc/code/bensouc/ensemble/config/initializers/application_controller_renderer.rb": {
        "lines": [
          null,
          null,
          null,
          null,
          null,
          null,
          null,
          null
        ]
      },
      "/home/bensouc/code/bensouc/ensemble/config/initializers/assets.rb": {
        "lines": [
          null,
          null,
          null,
          1,
          null,
          null,
          null,
          null,
          1,
          null,
          null,
          null,
          null,
          1
        ]
      },
      "/home/bensouc/code/bensouc/ensemble/config/initializers/backtrace_silencers.rb": {
        "lines": [
          null,
          null,
          null,
          null,
          null,
          null,
          null
        ]
      },
      "/home/bensouc/code/bensouc/ensemble/config/initializers/content_security_policy.rb": {
        "lines": [
          null,
          null,
          null,
          null,
          null,
          null,
          null,
          null,
          null,
          null,
          null,
          null,
          null,
          null,
          null,
          null,
          null,
          null,
          null,
          null,
          null,
          null,
          null,
          null,
          null,
          null,
          null,
          null,
          null,
          null
        ]
      },
      "/home/bensouc/code/bensouc/ensemble/config/initializers/cookies_serializer.rb": {
        "lines": [
          null,
          null,
          null,
          null,
          1
        ]
      },
      "/home/bensouc/code/bensouc/ensemble/config/initializers/default_meta.rb": {
        "lines": [
          1
        ]
      },
      "/home/bensouc/code/bensouc/ensemble/config/initializers/devise.rb": {
        "lines": [
          null,
          null,
          null,
          null,
          null,
          null,
          null,
          null,
          null,
          null,
          1,
          null,
          null,
          null,
          null,
          null,
          null,
          null,
          null,
          null,
          null,
          null,
          null,
          null,
          null,
          null,
          1,
          null,
          null,
          1,
          null,
          null,
          null,
          null,
          null,
          null,
          null,
          null,
          1,
          null,
          null,
          null,
          null,
          null,
          null,
          null,
          null,
          null,
          null,
          null,
          null,
          null,
          null,
          null,
          null,
          null,
          null,
          null,
          null,
          null,
          1,
          null,
          null,
          null,
          null,
          1,
          null,
          null,
          null,
          null,
          null,
          null,
          null,
          null,
          null,
          null,
          null,
          null,
          null,
          null,
          null,
          null,
          null,
          null,
          null,
          null,
          null,
          null,
          null,
          null,
          null,
          null,
          null,
          null,
          null,
          null,
          null,
          null,
          null,
          1,
          null,
          null,
          null,
          null,
          null,
          null,
          null,
          null,
          null,
          null,
          null,
          null,
          null,
          null,
          null,
          null,
          null,
          null,
          null,
          null,
          null,
          null,
          null,
          null,
          null,
          1,
          null,
          null,
          null,
          null,
          null,
          null,
          null,
          null,
          null,
          null,
          null,
          null,
          null,
          null,
          null,
          null,
          null,
          null,
          null,
          1,
          null,
          null,
          null,
          null,
          null,
          null,
          null,
          null,
          null,
          null,
          null,
          null,
          null,
          1,
          null,
          null,
          null,
          null,
          null,
          null,
          null,
          null,
          null,
          1,
          null,
          null,
          null,
          null,
          null,
          null,
          null,
          null,
          null,
          null,
          1,
          null,
          null,
          null,
          null,
          1,
          null,
          null,
          null,
          null,
          null,
          null,
          null,
          null,
          null,
          null,
          null,
          null,
          null,
          null,
          null,
          null,
          null,
          null,
          null,
          null,
          null,
          null,
          null,
          null,
          null,
          null,
          null,
          null,
          null,
          null,
          null,
          null,
          null,
          null,
          null,
          null,
          null,
          null,
          null,
          null,
          1,
          null,
          null,
          null,
          null,
          null,
          null,
          null,
          null,
          null,
          null,
          null,
          null,
          null,
          null,
          null,
          null,
          null,
          null,
          null,
          null,
          null,
          null,
          null,
          null,
          null,
          null,
          null,
          null,
          null,
          null,
          null,
          null,
          null,
          null,
          null,
          null,
          null,
          null,
          null,
          null,
          null,
          1,
          null,
          null,
          null,
          null,
          null,
          null,
          null,
          null,
          null,
          null,
          null,
          null,
          null,
          null,
          null,
          null,
          null,
          null,
          null,
          null,
          null,
          null,
          null,
          null,
          null,
          null,
          null,
          null,
          null,
          null,
          null,
          null,
          null,
          null,
          null,
          null,
          null,
          null,
          null,
          null,
          null,
          null
        ]
      },
      "/home/bensouc/code/bensouc/ensemble/config/initializers/filter_parameter_logging.rb": {
        "lines": [
          null,
          null,
          null,
          1
        ]
      },
      "/home/bensouc/code/bensouc/ensemble/config/initializers/inflections.rb": {
        "lines": [
          null,
          null,
          null,
          null,
          null,
          null,
          null,
          null,
          null,
          null,
          null,
          null,
          null,
          null,
          null,
          null
        ]
      },
      "/home/bensouc/code/bensouc/ensemble/config/initializers/mime_types.rb": {
        "lines": [
          null,
          null,
          null,
          null,
          null,
          null,
          1
        ]
      },
      "/home/bensouc/code/bensouc/ensemble/config/initializers/rails_admin.rb": {
        "lines": [
          1,
          null,
          null,
          null,
          null,
          1,
          0,
          null,
          1,
          null,
          1,
          0,
          0,
          0,
          null,
          null,
          null,
          null,
          null,
          null,
          null,
          null,
          null,
          null,
          null,
          null,
          null,
          null,
          null,
          null,
          null,
          null,
          1,
          1,
          1,
          1,
          1,
          1,
          1,
          1,
          1,
          1,
          null,
          null,
          null,
          null,
          null,
          null
        ]
      },
      "/home/bensouc/code/bensouc/ensemble/config/initializers/simple_form.rb": {
        "lines": [
          null,
          null,
          null,
          null,
          null,
          null,
          null,
          null,
          null,
          1,
          null,
          null,
          null,
          null,
          null,
          null,
          null,
          1,
          null,
          null,
          null,
          null,
          null,
          null,
          null,
          null,
          null,
          1,
          null,
          null,
          null,
          1,
          null,
          null,
          null,
          null,
          null,
          null,
          null,
          null,
          null,
          1,
          null,
          null,
          1,
          null,
          null,
          1,
          null,
          null,
          1,
          null,
          null,
          1,
          null,
          null,
          null,
          1,
          1,
          1,
          null,
          null,
          null,
          null,
          null,
          null,
          null,
          null,
          null,
          1,
          null,
          null,
          null,
          null,
          null,
          1,
          null,
          null,
          1,
          null,
          null,
          null,
          null,
          null,
          null,
          null,
          1,
          null,
          null,
          1,
          null,
          null,
          null,
          null,
          null,
          null,
          null,
          null,
          null,
          null,
          null,
          null,
          null,
          null,
          null,
          null,
          null,
          null,
          null,
          null,
          null,
          null,
          null,
          null,
          null,
          null,
          null,
          null,
          null,
          null,
          null,
          null,
          null,
          null,
          null,
          null,
          null,
          null,
          null,
          null,
          null,
          1,
          null,
          null,
          null,
          null,
          null,
          null,
          null,
          null,
          null,
          null,
          null,
          null,
          null,
          null,
          null,
          null,
          null,
          null,
          null,
          null,
          null,
          null,
          null,
          null,
          null,
          null,
          null,
          null,
          null,
          null,
          null,
          null,
          null,
          1,
          null,
          null,
          null,
          null,
          null,
          null,
          null,
          null,
          null,
          null,
          null,
          null
        ]
      },
      "/home/bensouc/code/bensouc/ensemble/config/initializers/simple_form_bootstrap.rb": {
        "lines": [
          null,
          null,
          null,
          null,
          null,
          null,
          null,
          null,
          null,
          null,
          null,
          null,
          null,
          null,
          null,
          1,
          null,
          1,
          null,
          null,
          1,
          null,
          null,
          1,
          null,
          null,
          1,
          null,
          null,
          1,
          null,
          null,
          null,
          1,
          null,
          null,
          1,
          null,
          null,
          null,
          null,
          1,
          null,
          null,
          1,
          1,
          null,
          null,
          null,
          null,
          null,
          1,
          1,
          1,
          1,
          1,
          1,
          1,
          1,
          1,
          1,
          1,
          1,
          null,
          null,
          null,
          1,
          1,
          1,
          1,
          1,
          1,
          1,
          1,
          null,
          null,
          null,
          null,
          1,
          1,
          1,
          1,
          1,
          null,
          1,
          1,
          1,
          null,
          null,
          null,
          1,
          1,
          1,
          1,
          1,
          null,
          1,
          1,
          1,
          null,
          null,
          null,
          1,
          1,
          1,
          1,
          1,
          1,
          1,
          1,
          1,
          1,
          null,
          null,
          null,
          1,
          1,
          1,
          1,
          1,
          1,
          null,
          1,
          1,
          null,
          null,
          null,
          1,
          1,
          1,
          1,
          1,
          1,
          1,
          1,
          1,
          null,
          null,
          null,
          null,
          null,
          null,
          1,
          1,
          1,
          1,
          1,
          1,
          1,
          1,
          1,
          1,
          1,
          1,
          1,
          null,
          null,
          null,
          null,
          1,
          1,
          1,
          1,
          1,
          null,
          1,
          1,
          1,
          1,
          1,
          1,
          null,
          null,
          null,
          null,
          null,
          1,
          1,
          1,
          1,
          1,
          1,
          1,
          1,
          null,
          null,
          null,
          null,
          1,
          1,
          1,
          1,
          1,
          1,
          1,
          1,
          null,
          null,
          null,
          null,
          1,
          1,
          1,
          1,
          1,
          1,
          1,
          1,
          1,
          1,
          1,
          null,
          null,
          null,
          null,
          1,
          1,
          1,
          1,
          1,
          1,
          1,
          null,
          1,
          1,
          null,
          null,
          null,
          null,
          1,
          1,
          1,
          1,
          1,
          1,
          1,
          1,
          1,
          1,
          null,
          null,
          null,
          null,
          null,
          null,
          null,
          1,
          1,
          1,
          1,
          1,
          1,
          1,
          1,
          1,
          null,
          1,
          1,
          1,
          null,
          null,
          null,
          1,
          1,
          1,
          1,
          1,
          1,
          1,
          null,
          null,
          null,
          null,
          null,
          null,
          1,
          1,
          1,
          1,
          1,
          1,
          1,
          1,
          null,
          null,
          null,
          null,
          1,
          1,
          1,
          1,
          1,
          1,
          1,
          1,
          null,
          null,
          null,
          null,
          1,
          1,
          1,
          1,
          1,
          null,
          1,
          1,
          1,
          null,
          null,
          null,
          1,
          1,
          1,
          1,
          1,
          null,
          1,
          1,
          1,
          null,
          null,
          null,
          1,
          1,
          1,
          1,
          1,
          1,
          1,
          1,
          1,
          1,
          1,
          null,
          1,
          null,
          null,
          null,
          1,
          1,
          1,
          1,
          1,
          1,
          null,
          1,
          1,
          null,
          null,
          null,
          1,
          1,
          1,
          1,
          1,
          1,
          1,
          1,
          1,
          null,
          null,
          null,
          null,
          null,
          null,
          null,
          null,
          null,
          null,
          null,
          null,
          null,
          null,
          null,
          null,
          null,
          null,
          null,
          null,
          null,
          null,
          null,
          null,
          null,
          null,
          null,
          1,
          1,
          1,
          1,
          1,
          1,
          1,
          1,
          1,
          1,
          1,
          1,
          null,
          null,
          null,
          1,
          1,
          1,
          1,
          1,
          1,
          1,
          null,
          null,
          null,
          null,
          1,
          null,
          null,
          null,
          1,
          null,
          null,
          null,
          null,
          null,
          null,
          null,
          null,
          null,
          null,
          null,
          null,
          null,
          null,
          null,
          null,
          null,
          null,
          null,
          null,
          null,
          null
        ]
      },
      "/home/bensouc/code/bensouc/ensemble/config/initializers/wicked_pdf.rb": {
        "lines": [
          null,
          null,
          null,
          null,
          null,
          null,
          null,
          null,
          null,
          null,
          null,
          null,
          null,
          null,
          null,
          null,
          null,
          null,
          null,
          null,
          null,
          null,
          null,
          null,
          null,
          null,
          null,
          null,
          null,
          null,
          null,
          null,
          null,
          null,
          null,
          null
        ]
      },
      "/home/bensouc/code/bensouc/ensemble/config/initializers/wrap_parameters.rb": {
        "lines": [
          null,
          null,
          null,
          null,
          null,
          null,
          1,
          2,
          null,
          null,
          null,
          null,
          null,
          null
        ]
      },
      "/home/bensouc/code/bensouc/ensemble/config/routes.rb": {
        "lines": [
          1,
          1,
          1,
          1,
          1,
          null,
          1,
          1,
          1,
          1,
          null,
          null,
          null,
          1,
          1,
          1,
          null,
          1,
          null,
          null,
          1,
          1,
          null,
          null,
          1,
          1,
          1,
          1,
          1,
          null,
          1,
          null,
          null,
          1,
          1,
          1,
          null,
          1,
          1,
          null,
          1,
          1,
          1,
          1,
          1,
          1,
          null,
          null,
          1,
          null,
          1,
          null,
          1,
          null,
          null,
          1,
          null,
          null,
          null
        ]
      },
      "/home/bensouc/code/bensouc/ensemble/app/models/user.rb": {
        "lines": [
          null,
          null,
          1,
          null,
          null,
          1,
          null,
          1,
          null,
          1,
          1,
          null,
          1,
          null,
          1,
          1,
          1,
          null,
          1,
          1,
          1,
          1,
          null,
          1,
          null,
          1,
          2,
          null,
          null,
          1,
          null,
          1,
          15,
          null,
          null
        ]
      },
      "/home/bensouc/code/bensouc/ensemble/app/models/application_record.rb": {
        "lines": [
          null,
          null,
          1,
          1,
          null
        ]
      },
      "/home/bensouc/code/bensouc/ensemble/spec/factories.rb": {
        "lines": [
          null,
          1,
          null,
          null,
          null,
          1,
          16,
          16,
          null,
          null,
          null
        ]
      },
      "/home/bensouc/code/bensouc/ensemble/spec/factories/challenge.rb": {
        "lines": [
          null,
          null,
          1,
          1,
          1,
          1,
          2,
          3,
          null,
          null
        ]
      },
      "/home/bensouc/code/bensouc/ensemble/spec/factories/classroom.rb": {
        "lines": [
          null,
          null,
          1,
          1,
          1,
          11,
          11,
          null,
          null
        ]
      },
      "/home/bensouc/code/bensouc/ensemble/spec/factories/skill.rb": {
        "lines": [
          null,
          null,
          1,
          1,
          1,
          6,
          null,
          null,
          null,
          null,
          null,
          5,
          11,
          13,
          14,
          14,
          null,
          null
        ]
      },
      "/home/bensouc/code/bensouc/ensemble/spec/factories/student.rb": {
        "lines": [
          null,
          null,
          1,
          1,
          1,
          11,
          null,
          null
        ]
      },
      "/home/bensouc/code/bensouc/ensemble/spec/factories/user.rb": {
        "lines": [
          null,
          null,
          1,
          1,
          14,
          15,
          15,
          16,
          16,
          1,
          null,
          null
        ]
      },
      "/home/bensouc/code/bensouc/ensemble/spec/factories/work_plan.rb": {
        "lines": [
          null,
          null,
          1,
          1,
          1,
          13,
          13,
          13,
          13,
          null,
          null
        ]
      },
      "/home/bensouc/code/bensouc/ensemble/spec/factories/work_plan_domain.rb": {
        "lines": [
          null,
          null,
          1,
          1,
          1,
          8,
          null,
          null,
          null,
          null,
          null,
          9,
          1,
          null,
          null
        ]
      },
      "/home/bensouc/code/bensouc/ensemble/spec/factories/work_plan_skill.rb": {
        "lines": [
          null,
          null,
          1,
          1,
          1,
          1,
          3,
          null,
          null
        ]
      },
      "/home/bensouc/code/bensouc/ensemble/app/helpers/application_helper.rb": {
        "lines": [
          1,
          1,
          0,
          null,
          null
        ]
      },
      "/home/bensouc/code/bensouc/ensemble/app/helpers/meta_tags_helper.rb": {
        "lines": [
          1,
          1,
          0,
          null,
          null,
          1,
          0,
          null,
          null,
          1,
          0,
          null,
          0,
          null,
          null
        ]
      },
      "/home/bensouc/code/bensouc/ensemble/spec/support/factory_bot.rb": {
        "lines": [
          null,
          1,
          1,
          null
        ]
      },
      "/home/bensouc/code/bensouc/ensemble/app/controllers/work_plan_skills_controller.rb": {
        "lines": [
          null,
          null,
          1,
          1,
          4,
          null,
          4,
          4,
          2,
          null,
          null,
          2,
          null,
          null,
          0,
          0,
          null,
          null,
          null,
          4,
          2,
          null,
          2,
          2,
          null,
          null,
          null,
          0,
          null,
          null,
          null,
          1,
          0,
          0,
          null,
          0,
          0,
          null,
          null,
          1,
          null,
          1,
          1,
          null,
          null,
          1,
          null,
          null,
          1,
          null,
          null,
          null,
          null,
          null,
          null,
          null,
          null,
          1,
          1,
          null,
          0,
          0,
          null,
          null,
          0,
          0,
          0,
          0,
          0,
          0,
          null,
          null,
          null,
          null,
          1,
          1,
          null,
          null,
          1,
          null,
          0,
          0,
          0,
          0,
          0,
          0,
          null,
          null,
          null,
          1,
          0,
          0,
          0,
          0,
          null,
          null,
          0,
          0,
          null,
          0,
          null,
          0,
          null,
          null,
          1,
          0,
          0,
          0,
          null,
          0,
          null,
          0,
          null,
          0,
          null,
          0,
          0,
          null,
          null,
          1,
          null,
          null,
          null,
          1,
          null,
          0,
          null,
          null,
          null,
          null,
          1,
          null,
          4,
          null,
          null,
          null,
          null,
          null,
          null,
          1,
          2,
          2,
          null,
          null,
          null,
          null,
          1,
          0,
          0,
          0,
          0,
          0,
          null,
          null,
          0,
          null,
          null,
          null,
          null
        ]
      },
      "/home/bensouc/code/bensouc/ensemble/app/controllers/application_controller.rb": {
        "lines": [
          null,
          null,
          1,
          null,
          1,
          1,
          null,
          null,
          null,
          1,
          null,
          0,
          null,
          null,
          0,
          null,
          null
        ]
      },
      "/home/bensouc/code/bensouc/ensemble/spec/controllers/work_plans_controller_spec.rb": {
        "lines": [
          null,
          null,
          1,
          1,
          10,
          7,
          4,
          2,
          null,
          10,
          null,
          1,
          1,
          1,
          1,
          null,
          null,
          null,
          1,
          1,
          null,
          1,
          1,
          null,
          null,
          null,
          1,
          1,
          1,
          1,
          1,
          null,
          null,
          null,
          1,
          2,
          2,
          null,
          1,
          null,
          1,
          null,
          null,
          null,
          null,
          1,
          1,
          null,
          1,
          null,
          null,
          null,
          null,
          1,
          1,
          1,
          1,
          null,
          null,
          null,
          1,
          1,
          1,
          2,
          null,
          null,
          null,
          null,
          1,
          1,
          1,
          1,
          1,
          1,
          null,
          null,
          1,
          1,
          1,
          null,
          null,
          null,
          null,
          1,
          1,
          3,
          1,
          null,
          2,
          null,
          null,
          null,
          null,
          1,
          1,
          1,
          null,
          null,
          null,
          1,
          1,
          1,
          null,
          null,
          null,
          null
        ]
      },
      "/home/bensouc/code/bensouc/ensemble/app/controllers/work_plans_controller.rb": {
        "lines": [
          null,
          null,
          1,
          1,
          null,
          null,
          1,
          2,
          null,
          null,
          null,
          2,
          null,
          null,
          2,
          1,
          null,
          null,
          null,
          null,
          null,
          null,
          null,
          null,
          null,
          null,
          1,
          0,
          0,
          null,
          1,
          1,
          null,
          0,
          null,
          1,
          1,
          1,
          null,
          0,
          null,
          null,
          0,
          null,
          null,
          1,
          3,
          1,
          1,
          2,
          null,
          null,
          null,
          null,
          null,
          null,
          null,
          null,
          null,
          null,
          null,
          2,
          2,
          null,
          0,
          null,
          2,
          null,
          1,
          null,
          null,
          null,
          1,
          null,
          null,
          1,
          null,
          1,
          1,
          1,
          0,
          0,
          0,
          null,
          null,
          null,
          1,
          null,
          null,
          2,
          2,
          1,
          null,
          null,
          1,
          null,
          0,
          0,
          0,
          0,
          0,
          0,
          null,
          0,
          0,
          null,
          null,
          null,
          null,
          1,
          2,
          2,
          2,
          2,
          null,
          null,
          null,
          null,
          2,
          2,
          0,
          null,
          4,
          2,
          2,
          2,
          0,
          null,
          null,
          null,
          null,
          null,
          null,
          null,
          null,
          null,
          null,
          null,
          null,
          null,
          null,
          1,
          0,
          null,
          0,
          null,
          0,
          null,
          null,
          null,
          null,
          1,
          0,
          0,
          0,
          0,
          null,
          0,
          null,
          null,
          null,
          1,
          2,
          2,
          2,
          2,
          2,
          2,
          2,
          2,
          null,
          0,
          null,
          null,
          null,
          1,
          0,
          0,
          0,
          null,
          null,
          null,
          null,
          null,
          null,
          null,
          1,
          null,
          2,
          0,
          null,
          0,
          null,
          null,
          null,
          null,
          2,
          2,
          2,
          null,
          null,
          null,
          null,
          null,
          null,
          null,
          null,
          null,
          null,
          2,
          null,
          8,
          null,
          null,
          null,
          null,
          8,
          null,
          1,
          1,
          null,
          null,
          7,
          null,
          null,
          null,
          0,
          0,
          null,
          0,
          null,
          null,
          null,
          0,
          null,
          null,
          null,
          null,
          null,
          null,
          0,
          0,
          0,
          null,
          null,
          0,
          0,
          null,
          0,
          0,
          0,
          null,
          0,
          0,
          null,
          null,
          null,
          0,
          0,
          0,
          0,
          0,
          null,
          null,
          0,
          null,
          null,
          null,
          null,
          null,
          null,
          2,
          2,
          null,
          0,
          null,
          null,
          null,
          1,
          null,
          1,
          3,
          null,
          0,
          null,
          null,
          1,
          0,
          null,
          null,
          null,
          null,
          1,
          2,
          null,
          null,
          1,
          4,
          null,
          null,
          1,
          0,
          null,
          null,
          1,
          2,
          null,
          2,
          null,
          null,
          1,
          2,
          null,
          null,
          1,
          null,
          null,
          null,
          null,
          null,
          null,
          null,
          null,
          1,
          0,
          null,
          0,
          0,
          0,
          0,
          0,
          null,
          0,
          null,
          null
        ]
      },
      "/home/bensouc/code/bensouc/ensemble/spec/models/challenge_spec.rb": {
        "lines": [
          null,
          null,
          1,
          1,
          1,
          1,
          1,
          1,
          null,
          null,
          1,
          1,
          null,
          null,
          1,
          1,
          1,
          null,
          null
        ]
      },
      "/home/bensouc/code/bensouc/ensemble/app/models/challenge.rb": {
        "lines": [
          null,
          null,
          1,
          1,
          1,
          1,
          1,
          null,
          1,
          null,
          1,
          1,
          null,
          1,
          null,
          null,
          0,
          0,
          null,
          0,
          0,
          null,
          null,
          null,
          0,
          null,
          null,
          null,
          null,
          null,
          null,
          null,
          null,
          1,
          0,
          null,
          0,
          null,
          null,
          1,
          2,
          null,
          null,
          null,
          null,
          2,
          null,
          null,
          2,
          2,
          null,
          null,
          1,
          null,
          1,
          0,
          0,
          null,
          0,
          null,
          null
        ]
      },
      "/home/bensouc/code/bensouc/ensemble/spec/models/classroom_spec.rb": {
        "lines": [
          null,
          null,
          1,
          1,
          1,
          1,
          1,
          1,
          1,
          1,
          null,
          null,
          1,
          1,
          null,
          null
        ]
      },
      "/home/bensouc/code/bensouc/ensemble/app/models/classroom.rb": {
        "lines": [
          null,
          null,
          1,
          1,
          1,
          null,
          1,
          1,
          null,
          1,
          null,
          null,
          null,
          null,
          null,
          null
        ]
      },
      "/home/bensouc/code/bensouc/ensemble/spec/models/skill_spec.rb": {
        "lines": [
          null,
          null,
          1,
          1,
          1,
          1,
          1,
          null,
          null,
          1,
          1,
          null,
          null,
          null,
          1,
          1,
          1,
          null,
          null,
          1,
          1,
          1,
          null,
          null,
          1,
          1,
          1,
          null,
          null,
          1,
          1,
          1,
          null,
          null
        ]
      },
      "/home/bensouc/code/bensouc/ensemble/app/models/skill.rb": {
        "lines": [
          null,
          null,
          1,
          1,
          1,
          1,
          null,
          1,
          null,
          null,
          null,
          null,
          null,
          1,
          1,
          1,
          1,
          null,
          1,
          7,
          null,
          null,
          1,
          0,
          null,
          null,
          null,
          1,
          0,
          null,
          null,
          1,
          0,
          null,
          0,
          null,
          0,
          null,
          0,
          null,
          0,
          null,
          0,
          null,
          0,
          null,
          0,
          null,
          0,
          null,
          0,
          null,
          null,
          null
        ]
      },
      "/home/bensouc/code/bensouc/ensemble/spec/models/student_spec.rb": {
        "lines": [
          null,
          null,
          1,
          1,
          1,
          1,
          1,
          1,
          null,
          null,
          1,
          1,
          null,
          null,
          null
        ]
      },
      "/home/bensouc/code/bensouc/ensemble/app/models/student.rb": {
        "lines": [
          null,
          null,
          1,
          1,
          null,
          1,
          1,
          1,
          1,
          null,
          null,
          null,
          null,
          null,
          1,
          null,
          1,
          null,
          1,
          0,
          null,
          null,
          1,
          0,
          null,
          null,
          1,
          0,
          null,
          null,
          1,
          null,
          null,
          null,
          0,
          null,
          null,
          null,
          null,
          null,
          null,
          0,
          0,
          null,
          0,
          null,
          0,
          null,
          null,
          0,
          null,
          null,
          null,
          1,
          0,
          null,
          null,
          1,
          0,
          null,
          null,
          1,
          0,
          null,
          null
        ]
      },
      "/home/bensouc/code/bensouc/ensemble/spec/models/user_spec.rb": {
        "lines": [
          null,
          null,
          1,
          1,
          1,
          1,
          1,
          1,
          1,
          1,
          null,
          null,
          1,
          1,
          null,
          null,
          null,
          1,
          1,
          1,
          null,
          null,
          1,
          1,
          1,
          null,
          null,
          1,
          1,
          1,
          null,
          null,
          1,
          1,
          1,
          null,
          null
        ]
      },
      "/home/bensouc/code/bensouc/ensemble/spec/models/work_plan_spec.rb": {
        "lines": [
          null,
          null,
          1,
          1,
          1,
          1,
          1,
          1,
          1,
          1,
          null,
          null,
          1,
          1,
          null,
          null,
          1,
          1,
          1,
          1,
          null,
          null,
          1,
          1,
          1,
          1,
          1,
          1,
          1,
          null,
          null
        ]
      },
      "/home/bensouc/code/bensouc/ensemble/app/models/work_plan.rb": {
        "lines": [
          null,
          null,
          1,
          1,
          1,
          1,
          null,
          1,
          1,
          null,
          1,
          1,
          null,
          1,
          1,
          null,
          1,
          2,
          null,
          null
        ]
      },
      "/home/bensouc/code/bensouc/ensemble/app/models/school.rb": {
        "lines": [
          1,
          1,
          1,
          1,
          null
        ]
      },
      "/home/bensouc/code/bensouc/ensemble/app/models/work_plan_domain.rb": {
        "lines": [
          null,
          null,
          1,
          null,
          null,
          1,
          null,
          null,
          null,
          null,
          null,
          null,
          null,
          null,
          null,
          1,
          null,
          1,
          null,
          1,
          null,
          null,
          1,
          null,
          1,
          0,
          null,
          0,
          null,
          null,
          1,
          8,
          null,
          null,
          1,
          1,
          null,
          1,
          null,
          1,
          0,
          null,
          null,
          1,
          0,
          0,
          0,
          null,
          null,
          null,
          null,
          null,
          null,
          0,
          null,
          null,
          0,
          0,
          0,
          null,
          0,
          0,
          null,
          null,
          null,
          null,
          null,
          null,
          null,
          0,
          null,
          null,
          0,
          null,
          null,
          null,
          null,
          1,
          null,
          null,
          0,
          0,
          null,
          0,
          0,
          null,
          0,
          null,
          0,
          0,
          null,
          null,
          null,
          1,
          0,
          0,
          0,
          0,
          null,
          0,
          null,
          null
        ]
      },
      "/home/bensouc/code/bensouc/ensemble/app/models/work_plan_skill.rb": {
        "lines": [
          null,
          null,
          1,
          1,
          1,
          1,
          null,
          1,
          null,
          1,
          1,
          null,
          1,
          1,
          null,
          null,
          1,
          null,
          null,
          1,
          0,
          null,
          null,
          1,
          0,
          0,
          null,
          0,
          0,
          0,
          null,
          null,
          1,
          null,
          0,
          0,
          0,
          0,
          null,
          null,
          1,
          null,
          null,
          0,
          0,
          null,
          null,
          1,
          0,
          0,
          null,
          0,
          null,
          0,
          null,
          null,
          0,
          null,
          null,
          0,
          null,
          null,
          0,
          null,
          null,
          null
        ]
      },
      "/home/bensouc/code/bensouc/ensemble/app/models/belt.rb": {
        "lines": [
          null,
          null,
          1,
          1,
          1,
          null,
          null,
          null,
          null,
          null,
          null,
          null,
          null,
          null,
          1,
          1,
          null,
          1,
          0,
          null,
          null,
          1,
          0,
          null,
          null,
          null,
          1,
          8,
          8,
          8,
          null,
          0,
          null,
          null,
          null,
          null,
          1,
          0,
          null,
          0,
          null,
          null,
          null,
          0,
          null,
          null,
          null,
          1,
          0,
          0,
          null,
          null,
          null,
          null,
          0,
          0,
          0,
          0,
          null,
          null,
          null,
          null,
          null,
          1,
          null,
          null,
          null,
          null,
          null,
          null,
          null,
          null,
          null,
          null,
          null,
          null,
          null,
          null,
          null,
          null,
          null,
          null,
          null,
          null,
          null,
          null,
          null,
          null,
          null,
          null,
          null,
          null,
          null,
          null,
          null,
          1,
          0,
          null,
          null,
          1,
          0,
          null,
          0,
          null,
          0,
          null,
          0,
          null,
          0,
          null,
          0,
          null,
          0,
          null,
          0,
          null,
          0,
          null,
          0,
          null,
          null,
          0,
          null,
          0,
          null,
          0,
          null,
          0,
          null,
          0,
          null,
          0,
          null,
          0,
          null,
          0,
          null,
          null,
          null,
          0,
          null,
          null,
          0,
          null,
          0,
          null,
          0,
          null,
          0,
          null,
          0,
          null,
          0,
          null,
          0,
          null,
          0,
          null,
          null,
          null,
          0,
          null,
          0,
          null,
          0,
          null,
          0,
          null,
          0,
          null,
          0,
          null,
          0,
          null,
          0,
          null,
          null,
          null,
          0,
          null,
          null,
          0,
          null,
          0,
          null,
          0,
          null,
          0,
          null,
          0,
          null,
          0,
          null,
          0,
          null,
          0,
          null,
          null,
          0,
          null,
          null,
          0,
          null,
          0,
          null,
          0,
          null,
          0,
          null,
          0,
          null,
          0,
          null,
          0,
          null,
          null,
          null,
          null,
          null
        ]
      },
      "/home/bensouc/code/bensouc/ensemble/app/models/shared_classroom.rb": {
        "lines": [
          null,
          null,
          1,
          1,
          1,
          null,
          1,
          null,
          null,
          null
        ]
      }
    },
    "timestamp": 1680077704
  }
}
